# JRE version: Java(TM) SE Runtime Environment (9.0+11) (build 9.0.4+11)
# Java VM: Java HotSpot(TM) 64-Bit Server VM (9.0.4+11, mixed mode, tiered, compressed oops, g1 gc, windows-amd64)
Heap:
 garbage-first heap   total 323584K, used 156377K [0x0000000700000000, 0x00000007001009e0, 0x00000007c0000000)
  region size 1024K, 56 young (57344K), 3 survivors (3072K)
 Metaspace       used 102200K, capacity 104910K, committed 112688K, reserved 1144832K
  class space    used 14813K, capacity 15361K, committed 16944K, reserved 1048576K
GC Heap History (10 events):
Event: 14293.509 GC heap before
{Heap before GC invocations=1207 (full 208):
 garbage-first heap   total 323584K, used 161074K [0x0000000700000000, 0x00000007001009e0, 0x00000007c0000000)
  region size 1024K, 60 young (61440K), 3 survivors (3072K)
 Metaspace       used 102143K, capacity 104846K, committed 112688K, reserved 1144832K
  class space    used 14812K, capacity 15361K, committed 16944K, reserved 1048576K
}
Event: 14293.513 GC heap after
{Heap after GC invocations=1208 (full 208):
 garbage-first heap   total 323584K, used 102834K [0x0000000700000000, 0x00000007001009e0, 0x00000007c0000000)
  region size 1024K, 3 young (3072K), 3 survivors (3072K)
 Metaspace       used 102143K, capacity 104846K, committed 112688K, reserved 1144832K
  class space    used 14812K, capacity 15361K, committed 16944K, reserved 1048576K
}
Event: 14293.908 GC heap before
{Heap before GC invocations=1208 (full 208):
 garbage-first heap   total 323584K, used 161202K [0x0000000700000000, 0x00000007001009e0, 0x00000007c0000000)
  region size 1024K, 60 young (61440K), 3 survivors (3072K)
 Metaspace       used 102152K, capacity 104846K, committed 112688K, reserved 1144832K
  class space    used 14813K, capacity 15361K, committed 16944K, reserved 1048576K
}
Event: 14293.911 GC heap after
{Heap after GC invocations=1209 (full 208):
 garbage-first heap   total 323584K, used 102810K [0x0000000700000000, 0x00000007001009e0, 0x00000007c0000000)
  region size 1024K, 2 young (2048K), 2 survivors (2048K)
 Metaspace       used 102152K, capacity 104846K, committed 112688K, reserved 1144832K
  class space    used 14813K, capacity 15361K, committed 16944K, reserved 1048576K
}
Event: 14294.243 GC heap before
{Heap before GC invocations=1209 (full 208):
 garbage-first heap   total 323584K, used 162202K [0x0000000700000000, 0x00000007001009e0, 0x00000007c0000000)
  region size 1024K, 60 young (61440K), 2 survivors (2048K)
 Metaspace       used 102165K, capacity 104846K, committed 112688K, reserved 1144832K
  class space    used 14813K, capacity 15361K, committed 16944K, reserved 1048576K
}
Event: 14294.247 GC heap after
{Heap after GC invocations=1210 (full 208):
 garbage-first heap   total 323584K, used 103005K [0x0000000700000000, 0x00000007001009e0, 0x00000007c0000000)
  region size 1024K, 3 young (3072K), 3 survivors (3072K)
 Metaspace       used 102165K, capacity 104846K, committed 112688K, reserved 1144832K
  class space    used 14813K, capacity 15361K, committed 16944K, reserved 1048576K
}
Event: 14296.180 GC heap before
{Heap before GC invocations=1210 (full 208):
 garbage-first heap   total 323584K, used 161373K [0x0000000700000000, 0x00000007001009e0, 0x00000007c0000000)
  region size 1024K, 60 young (61440K), 3 survivors (3072K)
 Metaspace       used 102184K, capacity 104910K, committed 112688K, reserved 1144832K
  class space    used 14813K, capacity 15361K, committed 16944K, reserved 1048576K
}
Event: 14296.184 GC heap after
{Heap after GC invocations=1211 (full 208):
 garbage-first heap   total 323584K, used 103267K [0x0000000700000000, 0x00000007001009e0, 0x00000007c0000000)
  region size 1024K, 3 young (3072K), 3 survivors (3072K)
 Metaspace       used 102184K, capacity 104910K, committed 112688K, reserved 1144832K
  class space    used 14813K, capacity 15361K, committed 16944K, reserved 1048576K
}
Event: 14297.089 GC heap before
{Heap before GC invocations=1211 (full 208):
 garbage-first heap   total 323584K, used 161635K [0x0000000700000000, 0x00000007001009e0, 0x00000007c0000000)
  region size 1024K, 60 young (61440K), 3 survivors (3072K)
 Metaspace       used 102199K, capacity 104910K, committed 112688K, reserved 1144832K
  class space    used 14813K, capacity 15361K, committed 16944K, reserved 1048576K
}
Event: 14297.092 GC heap after
{Heap after GC invocations=1212 (full 208):
 garbage-first heap   total 323584K, used 103129K [0x0000000700000000, 0x00000007001009e0, 0x00000007c0000000)
  region size 1024K, 3 young (3072K), 3 survivors (3072K)
 Metaspace       used 102199K, capacity 104910K, committed 112688K, reserved 1144832K
  class space    used 14813K, capacity 15361K, committed 16944K, reserved 1048576K
}

